Arguments: 
  /usr/local/Cellar/node/8.1.4/bin/node /usr/local/bin/yarn

PATH: 
  /Users/gatuk/bin:/usr/local/bin:/usr/local/bin:/usr/bin:/bin:/usr/sbin:/sbin:/usr/local/munki

Yarn version: 
  0.27.5

Node version: 
  8.1.4

Platform: 
  darwin x64

npm manifest: 
  {
    "name": "myfirstnode",
    "version": "1.0.0",
    "description": "",
    "main": "index.js",
    "scripts": {
      "test": "echo \"Error: no test specified\" && exit 1",
      "start": "nodemon index.js --exec babel-node --presets es2015,stage-2"
    },
    "author": "",
    "license": "ISC",
    "dependencies": {
      "body-parser": "^1.18.0",
      "compression": "^1.7.0",
      "ejs": "^2.5.7",
      "express": "^4.15.4",
      "express-session": "^1.15.6",
      "mongoose": "^4.11.12",
      "nodemon": "^1.12.1",
      "passport": "^0.4.0",
      "passport-google-oauth": "^1.0.0",
      "passport-local": "^1.0.0"
    },
    "devDependencies": {
      "babel-cli": "^6.26.0",
      "babel-preset-es2015": "^6.24.1",
      "babel-preset-stage-2": "^6.24.1",
      "morgan": "^1.8.2"
    }
  }

yarn manifest: 
  No manifest

Lockfile: 
  No lockfile

Trace: 
  Error: https://registry.yarnpkg.com/core-js/-/core-js-2.5.1.tgz: ESOCKETTIMEDOUT
      at ClientRequest.<anonymous> (/usr/local/lib/node_modules/yarn/node_modules/request/request.js:819:19)
      at Object.onceWrapper (events.js:314:30)
      at emitNone (events.js:105:13)
      at ClientRequest.emit (events.js:207:7)
      at TLSSocket.emitTimeout (_http_client.js:721:34)
      at Object.onceWrapper (events.js:314:30)
      at emitNone (events.js:105:13)
      at TLSSocket.emit (events.js:207:7)
      at TLSSocket.Socket._onTimeout (net.js:402:8)
      at ontimeout (timers.js:488:11)
